<?xml version="1.0" encoding="UTF-8"?>
<robot generator="Robot 7.0.1 (Python 3.12.4 on win32)" generated="2024-07-08T11:03:56.201839" rpa="false" schemaversion="5">
<suite id="s1" name="Test" source="C:\RobotFramework\TestProject\Test">
<suite id="s1-s1" name="TestCase1" source="C:\RobotFramework\TestProject\Test\TestCase1.robot">
<test id="s1-s1-t1" name="TEST" line="10">
<kw name="Logs">
<msg time="2024-07-08T11:03:56.230477" level="FAIL">No keyword with name 'Logs' found. Did you mean:
    BuiltIn.Log</msg>
<arg>This is my first test case under Test</arg>
<status status="FAIL" start="2024-07-08T11:03:56.230477" elapsed="0.000000">No keyword with name 'Logs' found. Did you mean:
    BuiltIn.Log</status>
</kw>
<tag>demo</tag>
<status status="FAIL" start="2024-07-08T11:03:56.229478" elapsed="0.000999">No keyword with name 'Logs' found. Did you mean:
    BuiltIn.Log</status>
</test>
<doc>This is my first test case</doc>
<status status="FAIL" start="2024-07-08T11:03:56.224484" elapsed="0.006977"/>
</suite>
<meta name="Randomized">Suites and tests (seed 8528705868918202111)</meta>
<status status="FAIL" start="2024-07-08T11:03:56.202828" elapsed="0.029629"/>
</suite>
<statistics>
<total>
<stat pass="0" fail="1" skip="0">All Tests</stat>
</total>
<tag>
<stat pass="0" fail="1" skip="0">demo</stat>
</tag>
<suite>
<stat pass="0" fail="1" skip="0" id="s1" name="Test">Test</stat>
<stat pass="0" fail="1" skip="0" id="s1-s1" name="TestCase1">Test.TestCase1</stat>
</suite>
</statistics>
<errors>
</errors>
</robot>
