<?xml version="1.0" encoding="UTF-8"?>
<robot generator="Robot 7.0.1 (Python 3.12.4 on win32)" generated="2024-07-08T12:15:57.310257" rpa="false" schemaversion="5">
<suite id="s1" name="TestCase1" source="C:\RobotFramework\TestProject\Test\TestCase1.robot">
<test id="s1-t1" name="TEST" line="19">
<kw name="Log In My Username">
<msg time="2024-07-08T12:15:57.331521" level="TRACE">Arguments: [  ]</msg>
<kw name="Log" owner="BuiltIn">
<msg time="2024-07-08T12:15:57.331521" level="TRACE">Arguments: [ "username=testuser password=demo'[username]'" ]</msg>
<msg time="2024-07-08T12:15:57.331521" level="INFO">username=testuser password=demo'[username]'</msg>
<msg time="2024-07-08T12:15:57.331521" level="TRACE">Return: None</msg>
<arg>${DICTIONARY}'\[username]'</arg>
<doc>Logs the given message with the given level.</doc>
<status status="PASS" start="2024-07-08T12:15:57.331521" elapsed="0.000000"/>
</kw>
<msg time="2024-07-08T12:15:57.331521" level="TRACE">Return: None</msg>
<status status="PASS" start="2024-07-08T12:15:57.331521" elapsed="0.000000"/>
</kw>
<kw name="Log" owner="BuiltIn">
<msg time="2024-07-08T12:15:57.331521" level="TRACE">Arguments: [ "username=testuser password=demo'[password]'" ]</msg>
<msg time="2024-07-08T12:15:57.331521" level="INFO">username=testuser password=demo'[password]'</msg>
<msg time="2024-07-08T12:15:57.331521" level="TRACE">Return: None</msg>
<arg>${DICTIONARY}'\[password]'</arg>
<doc>Logs the given message with the given level.</doc>
<status status="PASS" start="2024-07-08T12:15:57.331521" elapsed="0.000000"/>
</kw>
<kw name="Log" owner="BuiltIn">
<msg time="2024-07-08T12:15:57.331521" level="TRACE">Arguments: [ 'My Test Variable' ]</msg>
<msg time="2024-07-08T12:15:57.332518" level="INFO">My Test Variable</msg>
<msg time="2024-07-08T12:15:57.332518" level="TRACE">Return: None</msg>
<arg>${MY-VARIABLE}</arg>
<doc>Logs the given message with the given level.</doc>
<status status="PASS" start="2024-07-08T12:15:57.331521" elapsed="0.000997"/>
</kw>
<kw name="Log" owner="BuiltIn">
<msg time="2024-07-08T12:15:57.332518" level="TRACE">Arguments: [ '//input[@title="search2"]' ]</msg>
<msg time="2024-07-08T12:15:57.332518" level="INFO">//input[@title="search2"]</msg>
<msg time="2024-07-08T12:15:57.332518" level="TRACE">Return: None</msg>
<arg>${GOOGLE-SEARCH-FIELD}</arg>
<doc>Logs the given message with the given level.</doc>
<status status="PASS" start="2024-07-08T12:15:57.332518" elapsed="0.000000"/>
</kw>
<kw name="Log" owner="BuiltIn">
<msg time="2024-07-08T12:15:57.332518" level="TRACE">Arguments: [ 'test3' ]</msg>
<msg time="2024-07-08T12:15:57.332518" level="INFO">test3</msg>
<msg time="2024-07-08T12:15:57.332518" level="TRACE">Return: None</msg>
<arg>${LIST}[2]</arg>
<doc>Logs the given message with the given level.</doc>
<status status="PASS" start="2024-07-08T12:15:57.332518" elapsed="0.000000"/>
</kw>
<tag>demo</tag>
<status status="PASS" start="2024-07-08T12:15:57.330528" elapsed="0.001990"/>
</test>
<doc>This is my first test case</doc>
<status status="PASS" start="2024-07-08T12:15:57.311253" elapsed="0.021958"/>
</suite>
<statistics>
<total>
<stat pass="1" fail="0" skip="0">All Tests</stat>
</total>
<tag>
<stat pass="1" fail="0" skip="0">demo</stat>
</tag>
<suite>
<stat pass="1" fail="0" skip="0" id="s1" name="TestCase1">TestCase1</stat>
</suite>
</statistics>
<errors>
</errors>
</robot>
